[debug] [2024-10-22T11:35:10.546Z] ----------------------------------------------------------------------
[debug] [2024-10-22T11:35:10.550Z] Command:       C:\Program Files\nodejs\node.exe C:\Users\wngml\AppData\Roaming\npm\node_modules\firebase-tools\lib\bin\firebase.js init
[debug] [2024-10-22T11:35:10.551Z] CLI Version:   13.22.1
[debug] [2024-10-22T11:35:10.551Z] Platform:      win32
[debug] [2024-10-22T11:35:10.551Z] Node Version:  v20.18.0
[debug] [2024-10-22T11:35:10.552Z] Time:          Tue Oct 22 2024 20:35:10 GMT+0900 (대한민국 표준시)
[debug] [2024-10-22T11:35:10.552Z] ----------------------------------------------------------------------
[debug] 
[debug] [2024-10-22T11:35:10.556Z] >>> [apiv2][query] GET https://firebase-public.firebaseio.com/cli.json [none]
[debug] [2024-10-22T11:35:10.647Z] > command requires scopes: ["email","openid","https://www.googleapis.com/auth/cloudplatformprojects.readonly","https://www.googleapis.com/auth/firebase","https://www.googleapis.com/auth/cloud-platform"]
[debug] [2024-10-22T11:35:10.647Z] > authorizing via signed-in user (tlswkehd@gmail.com)
[info] 
     ######## #### ########  ######## ########     ###     ######  ########
     ##        ##  ##     ## ##       ##     ##  ##   ##  ##       ##
     ######    ##  ########  ######   ########  #########  ######  ######
     ##        ##  ##    ##  ##       ##     ## ##     ##       ## ##
     ##       #### ##     ## ######## ########  ##     ##  ######  ########

You're about to initialize a Firebase project in this directory:

  C:\Users\wngml\Desktop\frontend\my-app

[debug] [2024-10-22T11:35:11.085Z] <<< [apiv2][status] GET https://firebase-public.firebaseio.com/cli.json 200
[debug] [2024-10-22T11:35:11.085Z] <<< [apiv2][body] GET https://firebase-public.firebaseio.com/cli.json {"cloudBuildErrorAfter":1594252800000,"cloudBuildWarnAfter":1590019200000,"defaultNode10After":1594252800000,"minVersion":"3.0.5","node8DeploysDisabledAfter":1613390400000,"node8RuntimeDisabledAfter":1615809600000,"node8WarnAfter":1600128000000}
